<?xml version="1.0" encoding="UTF-8"?>
<testsuite name="AppTest" tests="5" skipped="0" failures="0" errors="0" timestamp="2021-08-29T12:30:32" hostname="DESKTOP-BOK46SC" time="0.005">
  <properties/>
  <testcase name="insertionSort" classname="AppTest" time="0.002"/>
  <testcase name="nearlySorted" classname="AppTest" time="0.0"/>
  <testcase name="testAppHasAGreeting" classname="AppTest" time="0.001"/>
  <testcase name="reverseSort" classname="AppTest" time="0.0"/>
  <testcase name="fewUniques" classname="AppTest" time="0.001"/>
  <system-out><![CDATA[]]></system-out>
  <system-err><![CDATA[]]></system-err>
</testsuite>
