<?xml version="1.0" encoding="UTF-8"?>
<testsuite name="AppTest" tests="1" skipped="0" failures="0" errors="0" timestamp="2021-08-14T19:18:52" hostname="DESKTOP-BOK46SC" time="0.013">
  <properties/>
  <testcase name="validateBracketTruCaseWithWordsInBrackets" classname="AppTest" time="0.013"/>
  <system-out><![CDATA[]]></system-out>
  <system-err><![CDATA[]]></system-err>
</testsuite>
