<?xml version="1.0" encoding="UTF-8"?>
<testsuite name="AppTest" tests="1" skipped="0" failures="0" errors="0" timestamp="2021-08-10T22:15:45" hostname="DESKTOP-BOK46SC" time="0.007">
  <properties/>
  <testcase name="testPushOneValue" classname="AppTest" time="0.007"/>
  <system-out><![CDATA[]]></system-out>
  <system-err><![CDATA[]]></system-err>
</testsuite>
