<?xml version="1.0" encoding="UTF-8"?>
<testsuite name="AppTest" tests="1" skipped="0" failures="0" errors="0" timestamp="2021-08-18T18:29:35" hostname="DESKTOP-BOK46SC" time="0.016">
  <properties/>
  <testcase name="linkedListZipTestIfListTwoLessThanone" classname="AppTest" time="0.016"/>
  <system-out><![CDATA[]]></system-out>
  <system-err><![CDATA[]]></system-err>
</testsuite>
