<?xml version="1.0" encoding="UTF-8"?>
<testsuite name="AppTest" tests="1" skipped="0" failures="0" errors="0" timestamp="2021-09-06T00:39:54" hostname="DESKTOP-BOK46SC" time="0.011">
  <properties/>
  <testcase name="word" classname="AppTest" time="0.011"/>
  <system-out><![CDATA[]]></system-out>
  <system-err><![CDATA[]]></system-err>
</testsuite>
